******************************************************************************
METIS 5.0 Copyright 1998-13, Regents of the University of Minnesota
 (HEAD: , Built on: Jul  1 2014, 14:23:44)
 size of idx_t: 32bits, real_t: 32bits, idx_t *: 64bits

Graph Information -----------------------------------------------------------
 Name: /Users/blixhavn/PycharmProjects/CollFilter/metis/full.graph, #Vertices: 69981, #Edges: 46584779, #Parts: 13

Options ---------------------------------------------------------------------
 ptype=kway, objtype=cut, ctype=shem, rtype=greedy, iptype=metisrb
 dbglvl=0, ufactor=1.030, no2hop=NO, minconn=NO, contig=NO, nooutput=NO
 seed=-1, niter=10, ncuts=1

Direct k-way Partitioning ---------------------------------------------------
 - Edgecut: 24734763, communication volume: 744803.

 - Balance:
     constraint #0:  1.030 out of 0.000

 - Most overweight partition:
     pid: 5, actual: 5544, desired: 5383, ratio: 1.03.

 - Subdomain connectivity: max: 12, min: 12, avg: 12.00

 - The original graph had 1243 connected components and the resulting
   partitioning after removing the cut edges has 1274 components.
Timing Information ----------------------------------------------------------
  I/O:          		  10.092 sec
  Partitioning: 		  20.360 sec   (METIS time)
  Reporting:    		   2.887 sec

Memory Information ----------------------------------------------------------
  Max memory used:		 1451.924 MB
******************************************************************************
