******************************************************************************
METIS 5.0 Copyright 1998-13, Regents of the University of Minnesota
 (HEAD: , Built on: Jul  1 2014, 14:23:44)
 size of idx_t: 32bits, real_t: 32bits, idx_t *: 64bits

Graph Information -----------------------------------------------------------
 Name: /Users/blixhavn/PycharmProjects/CollFilter/metis/full.graph, #Vertices: 69981, #Edges: 46584779, #Parts: 31

Options ---------------------------------------------------------------------
 ptype=kway, objtype=cut, ctype=shem, rtype=greedy, iptype=metisrb
 dbglvl=0, ufactor=1.030, no2hop=NO, minconn=NO, contig=NO, nooutput=NO
 seed=-1, niter=10, ncuts=1

Direct k-way Partitioning ---------------------------------------------------
 - Edgecut: 28494844, communication volume: 1635615.

 - Balance:
     constraint #0:  1.030 out of 0.000

 - Most overweight partition:
     pid: 2, actual: 2325, desired: 2257, ratio: 1.03.

 - Subdomain connectivity: max: 30, min: 30, avg: 30.00

 - The original graph had 1243 connected components and the resulting
   partitioning after removing the cut edges has 1322 components.
Timing Information ----------------------------------------------------------
  I/O:          		   8.898 sec
  Partitioning: 		  24.899 sec   (METIS time)
  Reporting:    		   2.656 sec

Memory Information ----------------------------------------------------------
  Max memory used:		 1448.679 MB
******************************************************************************
