******************************************************************************
METIS 5.0 Copyright 1998-13, Regents of the University of Minnesota
 (HEAD: , Built on: Jul  1 2014, 14:23:44)
 size of idx_t: 32bits, real_t: 32bits, idx_t *: 64bits

Graph Information -----------------------------------------------------------
 Name: /Users/blixhavn/PycharmProjects/CollFilter/metis/full.graph, #Vertices: 69981, #Edges: 46584779, #Parts: 49

Options ---------------------------------------------------------------------
 ptype=kway, objtype=cut, ctype=shem, rtype=greedy, iptype=metisrb
 dbglvl=0, ufactor=1.030, no2hop=NO, minconn=NO, contig=NO, nooutput=NO
 seed=-1, niter=10, ncuts=1

Direct k-way Partitioning ---------------------------------------------------
 - Edgecut: 33438296, communication volume: 2514441.

 - Balance:
     constraint #0:  1.030 out of 0.001

 - Most overweight partition:
     pid: 5, actual: 1471, desired: 1428, ratio: 1.03.

 - Subdomain connectivity: max: 47, min: 0, avg: 46.04

 - The original graph had 1243 connected components and the resulting
   partitioning after removing the cut edges has 1364 components.
Timing Information ----------------------------------------------------------
  I/O:          		   8.362 sec
  Partitioning: 		  31.283 sec   (METIS time)
  Reporting:    		   2.517 sec

Memory Information ----------------------------------------------------------
  Max memory used:		 1451.926 MB
******************************************************************************
