******************************************************************************
METIS 5.0 Copyright 1998-13, Regents of the University of Minnesota
 (HEAD: , Built on: Jul  1 2014, 14:23:44)
 size of idx_t: 32bits, real_t: 32bits, idx_t *: 64bits

Graph Information -----------------------------------------------------------
 Name: /Users/blixhavn/PycharmProjects/CollFilter/metis/full.graph, #Vertices: 69981, #Edges: 46584779, #Parts: 57

Options ---------------------------------------------------------------------
 ptype=kway, objtype=cut, ctype=shem, rtype=greedy, iptype=metisrb
 dbglvl=0, ufactor=1.030, no2hop=NO, minconn=NO, contig=NO, nooutput=NO
 seed=-1, niter=10, ncuts=1

Direct k-way Partitioning ---------------------------------------------------
 - Edgecut: 36092694, communication volume: 2889322.

 - Balance:
     constraint #0:  1.030 out of 0.001

 - Most overweight partition:
     pid: 11, actual: 1264, desired: 1227, ratio: 1.03.

 - Subdomain connectivity: max: 55, min: 0, avg: 54.04

 - The original graph had 1243 connected components and the resulting
   partitioning after removing the cut edges has 1387 components.
Timing Information ----------------------------------------------------------
  I/O:          		   8.593 sec
  Partitioning: 		  35.364 sec   (METIS time)
  Reporting:    		   2.382 sec

Memory Information ----------------------------------------------------------
  Max memory used:		 1184.102 MB
******************************************************************************
