******************************************************************************
METIS 5.0 Copyright 1998-13, Regents of the University of Minnesota
 (HEAD: , Built on: Jul  1 2014, 14:23:44)
 size of idx_t: 32bits, real_t: 32bits, idx_t *: 64bits

Graph Information -----------------------------------------------------------
 Name: /Users/blixhavn/PycharmProjects/CollFilter/metis/full.graph, #Vertices: 69981, #Edges: 46584779, #Parts: 61

Options ---------------------------------------------------------------------
 ptype=kway, objtype=cut, ctype=shem, rtype=greedy, iptype=metisrb
 dbglvl=0, ufactor=1.030, no2hop=NO, minconn=NO, contig=NO, nooutput=NO
 seed=-1, niter=10, ncuts=1

Direct k-way Partitioning ---------------------------------------------------
 - Edgecut: 36995662, communication volume: 3066281.

 - Balance:
     constraint #0:  1.029 out of 0.001

 - Most overweight partition:
     pid: 1, actual: 1181, desired: 1147, ratio: 1.03.

 - Subdomain connectivity: max: 59, min: 0, avg: 58.03

 - The original graph had 1243 connected components and the resulting
   partitioning after removing the cut edges has 1404 components.
Timing Information ----------------------------------------------------------
  I/O:          		   8.922 sec
  Partitioning: 		  40.918 sec   (METIS time)
  Reporting:    		   2.691 sec

Memory Information ----------------------------------------------------------
  Max memory used:		 1188.066 MB
******************************************************************************
