******************************************************************************
METIS 5.0 Copyright 1998-13, Regents of the University of Minnesota
 (HEAD: , Built on: Jul  1 2014, 14:23:44)
 size of idx_t: 32bits, real_t: 32bits, idx_t *: 64bits

Graph Information -----------------------------------------------------------
 Name: /Users/blixhavn/PycharmProjects/CollFilter/metis/full.graph, #Vertices: 69981, #Edges: 46584779, #Parts: 8

Options ---------------------------------------------------------------------
 ptype=kway, objtype=cut, ctype=shem, rtype=greedy, iptype=metisrb
 dbglvl=0, ufactor=1.030, no2hop=NO, minconn=NO, contig=NO, nooutput=NO
 seed=-1, niter=10, ncuts=1

Direct k-way Partitioning ---------------------------------------------------
 - Edgecut: 21558901, communication volume: 449903.

 - Balance:
     constraint #0:  1.030 out of 0.000

 - Most overweight partition:
     pid: 2, actual: 9010, desired: 8747, ratio: 1.03.

 - Subdomain connectivity: max: 7, min: 7, avg: 7.00

 - The original graph had 1243 connected components and the resulting
   partitioning after removing the cut edges has 1267 components.
Timing Information ----------------------------------------------------------
  I/O:          		   9.463 sec
  Partitioning: 		  15.402 sec   (METIS time)
  Reporting:    		   2.664 sec

Memory Information ----------------------------------------------------------
  Max memory used:		 1451.923 MB
******************************************************************************
